1585480342810	mozrunner::runner	INFO	Running command: "C:\\Program Files\\Mozilla Firefox\\firefox.exe" "-marionette" "-foreground" "-no-remote" "-profile" "C:\\Users\\vito\\AppData\\Local\\Temp\\rust_mozprofiletvxYX9"
1585480343000	addons.webextension.doh-rollout@mozilla.org	WARN	Loading extension 'doh-rollout@mozilla.org': Reading manifest: Invalid extension permission: networkStatus
1585480343188	addons.webextension.screenshots@mozilla.org	WARN	Loading extension 'screenshots@mozilla.org': Reading manifest: Invalid extension permission: mozillaAddons
1585480343188	addons.webextension.screenshots@mozilla.org	WARN	Loading extension 'screenshots@mozilla.org': Reading manifest: Invalid extension permission: telemetry
1585480343188	addons.webextension.screenshots@mozilla.org	WARN	Loading extension 'screenshots@mozilla.org': Reading manifest: Invalid extension permission: resource://pdf.js/
1585480343188	addons.webextension.screenshots@mozilla.org	WARN	Loading extension 'screenshots@mozilla.org': Reading manifest: Invalid extension permission: about:reader*
JavaScript error: resource://gre/modules/XULStore.jsm, line 66: Error: Can't find profile directory.
1585480344596	Marionette	INFO	Listening on port 3213
1585480344817	Marionette	WARN	TLS certificate errors will be ignored for this session
1585480348055	Marionette	INFO	Stopped listening on port 3213

###!!! [Child][RunMessage] Error: Channel closing: too late to send/recv, messages will be lost


###!!! [Child][MessageChannel::SendAndWait] Error: Channel error: cannot send/recv

1585480586048	mozrunner::runner	INFO	Running command: "C:\\Program Files\\Mozilla Firefox\\firefox.exe" "-marionette" "-foreground" "-no-remote" "-profile" "C:\\Users\\vito\\AppData\\Local\\Temp\\rust_mozprofilefH2RTm"
1585480586233	addons.webextension.doh-rollout@mozilla.org	WARN	Loading extension 'doh-rollout@mozilla.org': Reading manifest: Invalid extension permission: networkStatus
1585480586433	addons.webextension.screenshots@mozilla.org	WARN	Loading extension 'screenshots@mozilla.org': Reading manifest: Invalid extension permission: mozillaAddons
1585480586433	addons.webextension.screenshots@mozilla.org	WARN	Loading extension 'screenshots@mozilla.org': Reading manifest: Invalid extension permission: telemetry
1585480586433	addons.webextension.screenshots@mozilla.org	WARN	Loading extension 'screenshots@mozilla.org': Reading manifest: Invalid extension permission: resource://pdf.js/
1585480586433	addons.webextension.screenshots@mozilla.org	WARN	Loading extension 'screenshots@mozilla.org': Reading manifest: Invalid extension permission: about:reader*
JavaScript error: resource://gre/modules/XULStore.jsm, line 66: Error: Can't find profile directory.
1585480587820	Marionette	INFO	Listening on port 3418
1585480588054	Marionette	WARN	TLS certificate errors will be ignored for this session
1585480591578	Marionette	INFO	Stopped listening on port 3418

###!!! [Child][RunMessage] Error: Channel closing: too late to send/recv, messages will be lost


###!!! [Child][MessageChannel::SendAndWait] Error: Channel error: cannot send/recv

1585489556273	mozrunner::runner	INFO	Running command: "C:\\Program Files\\Mozilla Firefox\\firefox.exe" "-marionette" "-foreground" "-no-remote" "-profile" "C:\\Users\\vito\\AppData\\Local\\Temp\\rust_mozprofileYHsDw0"
1585489556462	addons.webextension.doh-rollout@mozilla.org	WARN	Loading extension 'doh-rollout@mozilla.org': Reading manifest: Invalid extension permission: networkStatus
1585489556643	addons.webextension.screenshots@mozilla.org	WARN	Loading extension 'screenshots@mozilla.org': Reading manifest: Invalid extension permission: mozillaAddons
1585489556643	addons.webextension.screenshots@mozilla.org	WARN	Loading extension 'screenshots@mozilla.org': Reading manifest: Invalid extension permission: telemetry
1585489556643	addons.webextension.screenshots@mozilla.org	WARN	Loading extension 'screenshots@mozilla.org': Reading manifest: Invalid extension permission: resource://pdf.js/
1585489556643	addons.webextension.screenshots@mozilla.org	WARN	Loading extension 'screenshots@mozilla.org': Reading manifest: Invalid extension permission: about:reader*
JavaScript error: resource://gre/modules/XULStore.jsm, line 66: Error: Can't find profile directory.
1585489558046	Marionette	INFO	Listening on port 4742
1585489558279	Marionette	WARN	TLS certificate errors will be ignored for this session
1585489667412	Marionette	INFO	Stopped listening on port 4742

###!!! [Child][RunMessage] Error: Channel closing: too late to send/recv, messages will be lost


###!!! [Child][MessageChannel::SendAndWait] Error: Channel error: cannot send/recv

1585490192129	mozrunner::runner	INFO	Running command: "C:\\Program Files\\Mozilla Firefox\\firefox.exe" "-marionette" "-foreground" "-no-remote" "-profile" "C:\\Users\\vito\\AppData\\Local\\Temp\\rust_mozprofile44922z"
1585490192310	addons.webextension.doh-rollout@mozilla.org	WARN	Loading extension 'doh-rollout@mozilla.org': Reading manifest: Invalid extension permission: networkStatus
1585490192485	addons.webextension.screenshots@mozilla.org	WARN	Loading extension 'screenshots@mozilla.org': Reading manifest: Invalid extension permission: mozillaAddons
1585490192485	addons.webextension.screenshots@mozilla.org	WARN	Loading extension 'screenshots@mozilla.org': Reading manifest: Invalid extension permission: telemetry
1585490192485	addons.webextension.screenshots@mozilla.org	WARN	Loading extension 'screenshots@mozilla.org': Reading manifest: Invalid extension permission: resource://pdf.js/
1585490192485	addons.webextension.screenshots@mozilla.org	WARN	Loading extension 'screenshots@mozilla.org': Reading manifest: Invalid extension permission: about:reader*
JavaScript error: resource://gre/modules/XULStore.jsm, line 66: Error: Can't find profile directory.
1585490193933	Marionette	INFO	Listening on port 5035
1585490194136	Marionette	WARN	TLS certificate errors will be ignored for this session
JavaScript error: http://sofire.bdstatic.com/js/lxaf.js?1585490194573, line 1: TypeError: t.exec(...) is null
JavaScript error: http://sofire.bdstatic.com/js/lxaf.js?1585490194573, line 1: TypeError: t.exec(...) is null
JavaScript error: http://sofire.bdstatic.com/js/lxaf.js?1585490194573, line 1: TypeError: t.exec(...) is null
JavaScript error: http://sofire.bdstatic.com/js/lxaf.js?1585490195916, line 1: TypeError: t.exec(...) is null
JavaScript error: http://sofire.bdstatic.com/js/lxaf.js?1585490195916, line 1: TypeError: t.exec(...) is null
JavaScript error: http://sofire.bdstatic.com/js/lxaf.js?1585490195916, line 1: TypeError: t.exec(...) is null
1585490196397	Marionette	INFO	Stopped listening on port 5035

###!!! [Child][RunMessage] Error: Channel closing: too late to send/recv, messages will be lost

1585490231905	mozrunner::runner	INFO	Running command: "C:\\Program Files\\Mozilla Firefox\\firefox.exe" "-marionette" "-foreground" "-no-remote" "-profile" "C:\\Users\\vito\\AppData\\Local\\Temp\\rust_mozprofilerLVOZN"
1585490232082	addons.webextension.doh-rollout@mozilla.org	WARN	Loading extension 'doh-rollout@mozilla.org': Reading manifest: Invalid extension permission: networkStatus
1585490232257	addons.webextension.screenshots@mozilla.org	WARN	Loading extension 'screenshots@mozilla.org': Reading manifest: Invalid extension permission: mozillaAddons
1585490232257	addons.webextension.screenshots@mozilla.org	WARN	Loading extension 'screenshots@mozilla.org': Reading manifest: Invalid extension permission: telemetry
1585490232257	addons.webextension.screenshots@mozilla.org	WARN	Loading extension 'screenshots@mozilla.org': Reading manifest: Invalid extension permission: resource://pdf.js/
1585490232257	addons.webextension.screenshots@mozilla.org	WARN	Loading extension 'screenshots@mozilla.org': Reading manifest: Invalid extension permission: about:reader*
JavaScript error: resource://gre/modules/XULStore.jsm, line 66: Error: Can't find profile directory.
1585490233545	Marionette	INFO	Listening on port 5253
1585490233909	Marionette	WARN	TLS certificate errors will be ignored for this session
JavaScript error: http://sofire.bdstatic.com/js/lxaf.js?1585490234335, line 1: TypeError: t.exec(...) is null
JavaScript error: http://sofire.bdstatic.com/js/lxaf.js?1585490234335, line 1: TypeError: t.exec(...) is null
JavaScript error: http://sofire.bdstatic.com/js/lxaf.js?1585490234335, line 1: TypeError: t.exec(...) is null
JavaScript error: http://sofire.bdstatic.com/js/lxaf.js?1585490235329, line 1: TypeError: t.exec(...) is null
JavaScript error: http://sofire.bdstatic.com/js/lxaf.js?1585490235329, line 1: TypeError: t.exec(...) is null
JavaScript error: http://sofire.bdstatic.com/js/lxaf.js?1585490235329, line 1: TypeError: t.exec(...) is null
1585490235939	Marionette	INFO	Stopped listening on port 5253

###!!! [Child][RunMessage] Error: Channel closing: too late to send/recv, messages will be lost

1585490251895	mozrunner::runner	INFO	Running command: "C:\\Program Files\\Mozilla Firefox\\firefox.exe" "-marionette" "-foreground" "-no-remote" "-profile" "C:\\Users\\vito\\AppData\\Local\\Temp\\rust_mozprofile0J797b"
1585490252074	addons.webextension.doh-rollout@mozilla.org	WARN	Loading extension 'doh-rollout@mozilla.org': Reading manifest: Invalid extension permission: networkStatus
1585490252249	addons.webextension.screenshots@mozilla.org	WARN	Loading extension 'screenshots@mozilla.org': Reading manifest: Invalid extension permission: mozillaAddons
1585490252249	addons.webextension.screenshots@mozilla.org	WARN	Loading extension 'screenshots@mozilla.org': Reading manifest: Invalid extension permission: telemetry
1585490252249	addons.webextension.screenshots@mozilla.org	WARN	Loading extension 'screenshots@mozilla.org': Reading manifest: Invalid extension permission: resource://pdf.js/
1585490252249	addons.webextension.screenshots@mozilla.org	WARN	Loading extension 'screenshots@mozilla.org': Reading manifest: Invalid extension permission: about:reader*
JavaScript error: resource://gre/modules/XULStore.jsm, line 66: Error: Can't find profile directory.
1585490253546	Marionette	INFO	Listening on port 5462
1585490253901	Marionette	WARN	TLS certificate errors will be ignored for this session
JavaScript error: http://m.baidu.com/, line 2: NS_ERROR_NOT_INITIALIZED: 
1585490296617	Marionette	INFO	Stopped listening on port 5462

###!!! [Child][RunMessage] Error: Channel closing: too late to send/recv, messages will be lost


###!!! [Child][MessageChannel::SendAndWait] Error: Channel error: cannot send/recv

1585490303453	mozrunner::runner	INFO	Running command: "C:\\Program Files\\Mozilla Firefox\\firefox.exe" "-marionette" "-foreground" "-no-remote" "-profile" "C:\\Users\\vito\\AppData\\Local\\Temp\\rust_mozprofileZ17AaX"
1585490303632	addons.webextension.doh-rollout@mozilla.org	WARN	Loading extension 'doh-rollout@mozilla.org': Reading manifest: Invalid extension permission: networkStatus
1585490303808	addons.webextension.screenshots@mozilla.org	WARN	Loading extension 'screenshots@mozilla.org': Reading manifest: Invalid extension permission: mozillaAddons
1585490303808	addons.webextension.screenshots@mozilla.org	WARN	Loading extension 'screenshots@mozilla.org': Reading manifest: Invalid extension permission: telemetry
1585490303808	addons.webextension.screenshots@mozilla.org	WARN	Loading extension 'screenshots@mozilla.org': Reading manifest: Invalid extension permission: resource://pdf.js/
1585490303808	addons.webextension.screenshots@mozilla.org	WARN	Loading extension 'screenshots@mozilla.org': Reading manifest: Invalid extension permission: about:reader*
JavaScript error: resource://gre/modules/XULStore.jsm, line 66: Error: Can't find profile directory.
1585490305100	Marionette	INFO	Listening on port 5642
1585490305457	Marionette	WARN	TLS certificate errors will be ignored for this session
JavaScript error: http://m.baidu.com/, line 2: TypeError: a.jumpURL is undefined
1585490327223	Marionette	INFO	Stopped listening on port 5642

###!!! [Child][RunMessage] Error: Channel closing: too late to send/recv, messages will be lost


###!!! [Child][MessageChannel::SendAndWait] Error: Channel error: cannot send/recv

1585490374099	mozrunner::runner	INFO	Running command: "C:\\Program Files\\Mozilla Firefox\\firefox.exe" "-marionette" "-foreground" "-no-remote" "-profile" "C:\\Users\\vito\\AppData\\Local\\Temp\\rust_mozprofileHVX0jt"
1585490374280	addons.webextension.doh-rollout@mozilla.org	WARN	Loading extension 'doh-rollout@mozilla.org': Reading manifest: Invalid extension permission: networkStatus
1585490374454	addons.webextension.screenshots@mozilla.org	WARN	Loading extension 'screenshots@mozilla.org': Reading manifest: Invalid extension permission: mozillaAddons
1585490374454	addons.webextension.screenshots@mozilla.org	WARN	Loading extension 'screenshots@mozilla.org': Reading manifest: Invalid extension permission: telemetry
1585490374454	addons.webextension.screenshots@mozilla.org	WARN	Loading extension 'screenshots@mozilla.org': Reading manifest: Invalid extension permission: resource://pdf.js/
1585490374454	addons.webextension.screenshots@mozilla.org	WARN	Loading extension 'screenshots@mozilla.org': Reading manifest: Invalid extension permission: about:reader*
JavaScript error: resource://gre/modules/XULStore.jsm, line 66: Error: Can't find profile directory.
1585490375756	Marionette	INFO	Listening on port 5824
1585490376103	Marionette	WARN	TLS certificate errors will be ignored for this session
JavaScript error: resource:///actors/ContentMetaChild.jsm, line 167: InvalidStateError: An attempt was made to use an object that is not, or is no longer, usable
1585490380867	Marionette	INFO	Stopped listening on port 5824

###!!! [Child][RunMessage] Error: Channel closing: too late to send/recv, messages will be lost


###!!! [Child][MessageChannel::SendAndWait] Error: Channel error: cannot send/recv

1587287608327	mozrunner::runner	INFO	Running command: "C:\\Program Files\\Mozilla Firefox\\firefox.exe" "-marionette" "-foreground" "-no-remote" "-profile" "C:\\Users\\vito\\AppData\\Local\\Temp\\rust_mozprofilep19aVW"
1587287608532	addons.webextension.doh-rollout@mozilla.org	WARN	Loading extension 'doh-rollout@mozilla.org': Reading manifest: Invalid extension permission: networkStatus
1587287608858	addons.webextension.screenshots@mozilla.org	WARN	Loading extension 'screenshots@mozilla.org': Reading manifest: Invalid extension permission: mozillaAddons
1587287608858	addons.webextension.screenshots@mozilla.org	WARN	Loading extension 'screenshots@mozilla.org': Reading manifest: Invalid extension permission: telemetry
1587287608858	addons.webextension.screenshots@mozilla.org	WARN	Loading extension 'screenshots@mozilla.org': Reading manifest: Invalid extension permission: resource://pdf.js/
1587287608858	addons.webextension.screenshots@mozilla.org	WARN	Loading extension 'screenshots@mozilla.org': Reading manifest: Invalid extension permission: about:reader*
JavaScript error: resource://gre/modules/XULStore.jsm, line 66: Error: Can't find profile directory.
1587287610159	Marionette	INFO	Listening on port 14740
1587287610346	Marionette	WARN	TLS certificate errors will be ignored for this session
1587287611805	Marionette	INFO	Stopped listening on port 14740

###!!! [Child][RunMessage] Error: Channel closing: too late to send/recv, messages will be lost


###!!! [Child][MessageChannel::SendAndWait] Error: Channel error: cannot send/recv

1587287840279	mozrunner::runner	INFO	Running command: "C:\\Program Files\\Mozilla Firefox\\firefox.exe" "-marionette" "-foreground" "-no-remote" "-profile" "C:\\Users\\vito\\AppData\\Local\\Temp\\rust_mozprofileb32UB4"
1587287840475	addons.webextension.doh-rollout@mozilla.org	WARN	Loading extension 'doh-rollout@mozilla.org': Reading manifest: Invalid extension permission: networkStatus
1587287840778	addons.webextension.screenshots@mozilla.org	WARN	Loading extension 'screenshots@mozilla.org': Reading manifest: Invalid extension permission: mozillaAddons
1587287840778	addons.webextension.screenshots@mozilla.org	WARN	Loading extension 'screenshots@mozilla.org': Reading manifest: Invalid extension permission: telemetry
1587287840778	addons.webextension.screenshots@mozilla.org	WARN	Loading extension 'screenshots@mozilla.org': Reading manifest: Invalid extension permission: resource://pdf.js/
1587287840778	addons.webextension.screenshots@mozilla.org	WARN	Loading extension 'screenshots@mozilla.org': Reading manifest: Invalid extension permission: about:reader*
JavaScript error: resource://gre/modules/XULStore.jsm, line 66: Error: Can't find profile directory.
1587287842088	Marionette	INFO	Listening on port 1295
1587287842286	Marionette	WARN	TLS certificate errors will be ignored for this session
1587287843408	Marionette	WARN	TimedPromise timed out after 0 ms: stacktrace:
TimedPromise/<@chrome://marionette/content/sync.js:244:13
TimedPromise@chrome://marionette/content/sync.js:229:10
Sleep@chrome://marionette/content/sync.js:282:10
dispatchPause@chrome://marionette/content/action.js:1482:10
toEvents/<@chrome://marionette/content/action.js:1156:16
action.dispatchTickActions@chrome://marionette/content/action.js:1060:35
action.dispatch/chainEvents<@chrome://marionette/content/action.js:1028:20
action.dispatch@chrome://marionette/content/action.js:1034:5
performActions@chrome://marionette/content/listener.js:850:16
dispatch/</req<@chrome://marionette/content/listener.js:527:14
dispatch/<@chrome://marionette/content/listener.js:520:15
1587287861142	Marionette	INFO	Stopped listening on port 1295

###!!! [Child][RunMessage] Error: Channel closing: too late to send/recv, messages will be lost


###!!! [Child][MessageChannel::SendAndWait] Error: Channel error: cannot send/recv

1587287998018	mozrunner::runner	INFO	Running command: "C:\\Program Files\\Mozilla Firefox\\firefox.exe" "-marionette" "-foreground" "-no-remote" "-profile" "C:\\Users\\vito\\AppData\\Local\\Temp\\rust_mozprofile7iaj3f"
1587287998209	addons.webextension.doh-rollout@mozilla.org	WARN	Loading extension 'doh-rollout@mozilla.org': Reading manifest: Invalid extension permission: networkStatus
1587287998509	addons.webextension.screenshots@mozilla.org	WARN	Loading extension 'screenshots@mozilla.org': Reading manifest: Invalid extension permission: mozillaAddons
1587287998509	addons.webextension.screenshots@mozilla.org	WARN	Loading extension 'screenshots@mozilla.org': Reading manifest: Invalid extension permission: telemetry
1587287998509	addons.webextension.screenshots@mozilla.org	WARN	Loading extension 'screenshots@mozilla.org': Reading manifest: Invalid extension permission: resource://pdf.js/
1587287998509	addons.webextension.screenshots@mozilla.org	WARN	Loading extension 'screenshots@mozilla.org': Reading manifest: Invalid extension permission: about:reader*
JavaScript error: resource://gre/modules/XULStore.jsm, line 66: Error: Can't find profile directory.
1587287999899	Marionette	INFO	Listening on port 1734
1587288000025	Marionette	WARN	TLS certificate errors will be ignored for this session
1587288075160	Marionette	INFO	Stopped listening on port 1734

###!!! [Child][RunMessage] Error: Channel closing: too late to send/recv, messages will be lost


###!!! [Child][MessageChannel::SendAndWait] Error: Channel error: cannot send/recv

1587288111090	mozrunner::runner	INFO	Running command: "C:\\Program Files\\Mozilla Firefox\\firefox.exe" "-marionette" "-foreground" "-no-remote" "-profile" "C:\\Users\\vito\\AppData\\Local\\Temp\\rust_mozprofilelarPAC"
1587288111281	addons.webextension.doh-rollout@mozilla.org	WARN	Loading extension 'doh-rollout@mozilla.org': Reading manifest: Invalid extension permission: networkStatus
1587288111576	addons.webextension.screenshots@mozilla.org	WARN	Loading extension 'screenshots@mozilla.org': Reading manifest: Invalid extension permission: mozillaAddons
1587288111577	addons.webextension.screenshots@mozilla.org	WARN	Loading extension 'screenshots@mozilla.org': Reading manifest: Invalid extension permission: telemetry
1587288111577	addons.webextension.screenshots@mozilla.org	WARN	Loading extension 'screenshots@mozilla.org': Reading manifest: Invalid extension permission: resource://pdf.js/
1587288111577	addons.webextension.screenshots@mozilla.org	WARN	Loading extension 'screenshots@mozilla.org': Reading manifest: Invalid extension permission: about:reader*
JavaScript error: resource://gre/modules/XULStore.jsm, line 66: Error: Can't find profile directory.
1587288113000	Marionette	INFO	Listening on port 2148
1587288113096	Marionette	WARN	TLS certificate errors will be ignored for this session
1587288149929	Marionette	INFO	Stopped listening on port 2148

###!!! [Child][RunMessage] Error: Channel closing: too late to send/recv, messages will be lost


###!!! [Child][MessageChannel::SendAndWait] Error: Channel error: cannot send/recv

1587288206230	mozrunner::runner	INFO	Running command: "C:\\Program Files\\Mozilla Firefox\\firefox.exe" "-marionette" "-foreground" "-no-remote" "-profile" "C:\\Users\\vito\\AppData\\Local\\Temp\\rust_mozprofile9sM2Gj"
1587288206423	addons.webextension.doh-rollout@mozilla.org	WARN	Loading extension 'doh-rollout@mozilla.org': Reading manifest: Invalid extension permission: networkStatus
1587288206719	addons.webextension.screenshots@mozilla.org	WARN	Loading extension 'screenshots@mozilla.org': Reading manifest: Invalid extension permission: mozillaAddons
1587288206719	addons.webextension.screenshots@mozilla.org	WARN	Loading extension 'screenshots@mozilla.org': Reading manifest: Invalid extension permission: telemetry
1587288206719	addons.webextension.screenshots@mozilla.org	WARN	Loading extension 'screenshots@mozilla.org': Reading manifest: Invalid extension permission: resource://pdf.js/
1587288206719	addons.webextension.screenshots@mozilla.org	WARN	Loading extension 'screenshots@mozilla.org': Reading manifest: Invalid extension permission: about:reader*
JavaScript error: resource://gre/modules/XULStore.jsm, line 66: Error: Can't find profile directory.
1587288208137	Marionette	INFO	Listening on port 2487
1587288208236	Marionette	WARN	TLS certificate errors will be ignored for this session
JavaScript error: http://gss0.bdstatic.com/5foIcy0a2gI2n2jgoY3K/static/fisp_static/common/module_static_include/module_static_include_5309ae3.js, line 42: TypeError: baidu.browser is undefined
JavaScript error: http://hm.baidu.com/h.js?e9e114d958ea263de46e080563e254c4 line 3 > eval, line 1: TypeError: result.data.film is undefined
JavaScript error: http://s.music.so.com/u/intfInfo?_=1587288239289&callback=_360_1, line 1: SyntaxError: unexpected token: ':'
JavaScript error: http://hm.baidu.com/h.js?e9e114d958ea263de46e080563e254c4 line 3 > eval, line 1: TypeError: result.result.account is undefined
JavaScript error: http://my.58.com/webpart/userbasicinfo?r=&vipcallback=_58&callback=_58&_=1587288239308, line 1: SyntaxError: expected expression, got '<'
JavaScript error: http://my.tv.sohu.com/user/connect/index_update.do?callback=sohu2&_=1587288239298, line 2: SyntaxError: expected expression, got '<'
JavaScript error: http://my.tv.sohu.com/user/profile/basic_update.do?callback=sohu1&_=1587288239297, line 2: SyntaxError: expected expression, got '<'
JavaScript error: http://hm.baidu.com/h.js?e9e114d958ea263de46e080563e254c4 line 3 > eval, line 1: TypeError: tmp is undefined
JavaScript error: http://ai.jd.com/index_new?app=Seckill&action=pcSeckillListHistory&callback=jd1&_=1587288239305, line 1: SyntaxError: unexpected token: identifier
JavaScript error: https://wqcoss.jd.com/mcoss/reclike/getrecinfo?pc=50&recpos=6156&hi=&callback=jd2&_=1587288239306, line 1: SyntaxError: expected expression, got '<'
JavaScript error: http://hm.baidu.com/h.js?e9e114d958ea263de46e080563e254c4 line 3 > eval, line 1: TypeError: result[("" + a)].algorithmLog is undefined
JavaScript error: http://hm.baidu.com/h.js?e9e114d958ea263de46e080563e254c4 line 3 > eval, line 1: TypeError: result.mainInfo is undefined
JavaScript error: http://hm.baidu.com/h.js?e9e114d958ea263de46e080563e254c4 line 3 > eval, line 1: TypeError: tmp is null
JavaScript error: https://cart.csdn.net/cart/buy_now?product_id=3&goods_id=7871&request_type=1&flag=3&num=1&is_ajax=1&callback=buy_now&_=1587288239310, line 1: ReferenceError: jsonpCallback is not defined
1587288255373	Marionette	INFO	Stopped listening on port 2487

###!!! [Child][RunMessage] Error: Channel closing: too late to send/recv, messages will be lost

1587289513080	mozrunner::runner	INFO	Running command: "C:\\Program Files\\Mozilla Firefox\\firefox.exe" "-marionette" "-foreground" "-no-remote" "-profile" "C:\\Users\\vito\\AppData\\Local\\Temp\\rust_mozprofile9GWiAs"
1587289513269	addons.webextension.doh-rollout@mozilla.org	WARN	Loading extension 'doh-rollout@mozilla.org': Reading manifest: Invalid extension permission: networkStatus
1587289513564	addons.webextension.screenshots@mozilla.org	WARN	Loading extension 'screenshots@mozilla.org': Reading manifest: Invalid extension permission: mozillaAddons
1587289513565	addons.webextension.screenshots@mozilla.org	WARN	Loading extension 'screenshots@mozilla.org': Reading manifest: Invalid extension permission: telemetry
1587289513565	addons.webextension.screenshots@mozilla.org	WARN	Loading extension 'screenshots@mozilla.org': Reading manifest: Invalid extension permission: resource://pdf.js/
1587289513565	addons.webextension.screenshots@mozilla.org	WARN	Loading extension 'screenshots@mozilla.org': Reading manifest: Invalid extension permission: about:reader*
JavaScript error: resource://gre/modules/XULStore.jsm, line 66: Error: Can't find profile directory.
1587289514952	Marionette	INFO	Listening on port 6052
1587289515084	Marionette	WARN	TLS certificate errors will be ignored for this session
1587289568414	Marionette	INFO	Stopped listening on port 6052

###!!! [Child][RunMessage] Error: Channel closing: too late to send/recv, messages will be lost


###!!! [Child][MessageChannel::SendAndWait] Error: Channel error: cannot send/recv

1587289583527	mozrunner::runner	INFO	Running command: "C:\\Program Files\\Mozilla Firefox\\firefox.exe" "-marionette" "-foreground" "-no-remote" "-profile" "C:\\Users\\vito\\AppData\\Local\\Temp\\rust_mozprofile21FUuo"
1587289583720	addons.webextension.doh-rollout@mozilla.org	WARN	Loading extension 'doh-rollout@mozilla.org': Reading manifest: Invalid extension permission: networkStatus
1587289584017	addons.webextension.screenshots@mozilla.org	WARN	Loading extension 'screenshots@mozilla.org': Reading manifest: Invalid extension permission: mozillaAddons
1587289584017	addons.webextension.screenshots@mozilla.org	WARN	Loading extension 'screenshots@mozilla.org': Reading manifest: Invalid extension permission: telemetry
1587289584017	addons.webextension.screenshots@mozilla.org	WARN	Loading extension 'screenshots@mozilla.org': Reading manifest: Invalid extension permission: resource://pdf.js/
1587289584017	addons.webextension.screenshots@mozilla.org	WARN	Loading extension 'screenshots@mozilla.org': Reading manifest: Invalid extension permission: about:reader*
JavaScript error: resource://gre/modules/XULStore.jsm, line 66: Error: Can't find profile directory.
1587289585356	Marionette	INFO	Listening on port 6447
1587289585534	Marionette	WARN	TLS certificate errors will be ignored for this session
1587289603103	Marionette	INFO	Stopped listening on port 6447

###!!! [Child][RunMessage] Error: Channel closing: too late to send/recv, messages will be lost


###!!! [Child][MessageChannel::SendAndWait] Error: Channel error: cannot send/recv

1587289614581	mozrunner::runner	INFO	Running command: "C:\\Program Files\\Mozilla Firefox\\firefox.exe" "-marionette" "-foreground" "-no-remote" "-profile" "C:\\Users\\vito\\AppData\\Local\\Temp\\rust_mozprofile98uOEy"
1587289614772	addons.webextension.doh-rollout@mozilla.org	WARN	Loading extension 'doh-rollout@mozilla.org': Reading manifest: Invalid extension permission: networkStatus
1587289615063	addons.webextension.screenshots@mozilla.org	WARN	Loading extension 'screenshots@mozilla.org': Reading manifest: Invalid extension permission: mozillaAddons
1587289615063	addons.webextension.screenshots@mozilla.org	WARN	Loading extension 'screenshots@mozilla.org': Reading manifest: Invalid extension permission: telemetry
1587289615063	addons.webextension.screenshots@mozilla.org	WARN	Loading extension 'screenshots@mozilla.org': Reading manifest: Invalid extension permission: resource://pdf.js/
1587289615063	addons.webextension.screenshots@mozilla.org	WARN	Loading extension 'screenshots@mozilla.org': Reading manifest: Invalid extension permission: about:reader*
JavaScript error: resource://gre/modules/XULStore.jsm, line 66: Error: Can't find profile directory.
1587289616345	Marionette	INFO	Listening on port 6685
1587289616587	Marionette	WARN	TLS certificate errors will be ignored for this session
1587289659810	Marionette	INFO	Stopped listening on port 6685

###!!! [Child][RunMessage] Error: Channel closing: too late to send/recv, messages will be lost


###!!! [Child][MessageChannel::SendAndWait] Error: Channel error: cannot send/recv

1587289679217	mozrunner::runner	INFO	Running command: "C:\\Program Files\\Mozilla Firefox\\firefox.exe" "-marionette" "-foreground" "-no-remote" "-profile" "C:\\Users\\vito\\AppData\\Local\\Temp\\rust_mozprofile6iNvr9"
1587289679411	addons.webextension.doh-rollout@mozilla.org	WARN	Loading extension 'doh-rollout@mozilla.org': Reading manifest: Invalid extension permission: networkStatus
1587289679710	addons.webextension.screenshots@mozilla.org	WARN	Loading extension 'screenshots@mozilla.org': Reading manifest: Invalid extension permission: mozillaAddons
1587289679711	addons.webextension.screenshots@mozilla.org	WARN	Loading extension 'screenshots@mozilla.org': Reading manifest: Invalid extension permission: telemetry
1587289679711	addons.webextension.screenshots@mozilla.org	WARN	Loading extension 'screenshots@mozilla.org': Reading manifest: Invalid extension permission: resource://pdf.js/
1587289679711	addons.webextension.screenshots@mozilla.org	WARN	Loading extension 'screenshots@mozilla.org': Reading manifest: Invalid extension permission: about:reader*
JavaScript error: resource://gre/modules/XULStore.jsm, line 66: Error: Can't find profile directory.
1587289681127	Marionette	INFO	Listening on port 6983
1587289681223	Marionette	WARN	TLS certificate errors will be ignored for this session
JavaScript error: resource://gre/modules/NetworkGeolocationProvider.jsm, line 555: TypeError: xhr.response.location is undefined
JavaScript error: resource://gre/modules/NetworkGeolocationProvider.jsm, line 555: TypeError: xhr.response.location is undefined
JavaScript error: https://dss1.bdstatic.com/5eN1bjq8AAUYm2zgoY3K/r/www/cache/biz/search-ui/v2/Link/Link.js, line 1: SyntaxError: expected expression, got '<'
JavaScript error: https://dss1.bdstatic.com/5eN1bjq8AAUYm2zgoY3K/r/www/cache/biz/search-ui/v2/Aladdin/Aladdin.js, line 1: SyntaxError: expected expression, got '<'
JavaScript error: https://dss1.bdstatic.com/5eN1bjq8AAUYm2zgoY3K/r/www/cache/biz/search-ui/v2/Title/Title.js, line 1: SyntaxError: expected expression, got '<'
1587289743474	Marionette	INFO	Stopped listening on port 6983

###!!! [Child][RunMessage] Error: Channel closing: too late to send/recv, messages will be lost


###!!! [Child][MessageChannel::SendAndWait] Error: Channel error: cannot send/recv

1587289826498	mozrunner::runner	INFO	Running command: "C:\\Program Files\\Mozilla Firefox\\firefox.exe" "-marionette" "-foreground" "-no-remote" "-profile" "C:\\Users\\vito\\AppData\\Local\\Temp\\rust_mozprofile4OuI8l"
1587289826695	addons.webextension.doh-rollout@mozilla.org	WARN	Loading extension 'doh-rollout@mozilla.org': Reading manifest: Invalid extension permission: networkStatus
1587289826997	addons.webextension.screenshots@mozilla.org	WARN	Loading extension 'screenshots@mozilla.org': Reading manifest: Invalid extension permission: mozillaAddons
1587289826997	addons.webextension.screenshots@mozilla.org	WARN	Loading extension 'screenshots@mozilla.org': Reading manifest: Invalid extension permission: telemetry
1587289826997	addons.webextension.screenshots@mozilla.org	WARN	Loading extension 'screenshots@mozilla.org': Reading manifest: Invalid extension permission: resource://pdf.js/
1587289826997	addons.webextension.screenshots@mozilla.org	WARN	Loading extension 'screenshots@mozilla.org': Reading manifest: Invalid extension permission: about:reader*
JavaScript error: resource://gre/modules/XULStore.jsm, line 66: Error: Can't find profile directory.
1587289828404	Marionette	INFO	Listening on port 7541
1587289828504	Marionette	WARN	TLS certificate errors will be ignored for this session
1587289870170	Marionette	INFO	Stopped listening on port 7541

###!!! [Child][RunMessage] Error: Channel closing: too late to send/recv, messages will be lost


###!!! [Child][MessageChannel::SendAndWait] Error: Channel error: cannot send/recv

1587289900313	mozrunner::runner	INFO	Running command: "C:\\Program Files\\Mozilla Firefox\\firefox.exe" "-marionette" "-foreground" "-no-remote" "-profile" "C:\\Users\\vito\\AppData\\Local\\Temp\\rust_mozprofile4CgLDf"
1587289900505	addons.webextension.doh-rollout@mozilla.org	WARN	Loading extension 'doh-rollout@mozilla.org': Reading manifest: Invalid extension permission: networkStatus
1587289900809	addons.webextension.screenshots@mozilla.org	WARN	Loading extension 'screenshots@mozilla.org': Reading manifest: Invalid extension permission: mozillaAddons
1587289900809	addons.webextension.screenshots@mozilla.org	WARN	Loading extension 'screenshots@mozilla.org': Reading manifest: Invalid extension permission: telemetry
1587289900809	addons.webextension.screenshots@mozilla.org	WARN	Loading extension 'screenshots@mozilla.org': Reading manifest: Invalid extension permission: resource://pdf.js/
1587289900809	addons.webextension.screenshots@mozilla.org	WARN	Loading extension 'screenshots@mozilla.org': Reading manifest: Invalid extension permission: about:reader*
JavaScript error: resource://gre/modules/XULStore.jsm, line 66: Error: Can't find profile directory.
1587289902245	Marionette	INFO	Listening on port 7946
1587289902320	Marionette	WARN	TLS certificate errors will be ignored for this session
1587289955353	Marionette	INFO	Stopped listening on port 7946

###!!! [Child][RunMessage] Error: Channel closing: too late to send/recv, messages will be lost


###!!! [Child][MessageChannel::SendAndWait] Error: Channel error: cannot send/recv

1587290134546	mozrunner::runner	INFO	Running command: "C:\\Program Files\\Mozilla Firefox\\firefox.exe" "-marionette" "-foreground" "-no-remote" "-profile" "C:\\Users\\vito\\AppData\\Local\\Temp\\rust_mozprofileqer0ip"
1587290134739	addons.webextension.doh-rollout@mozilla.org	WARN	Loading extension 'doh-rollout@mozilla.org': Reading manifest: Invalid extension permission: networkStatus
1587290135032	addons.webextension.screenshots@mozilla.org	WARN	Loading extension 'screenshots@mozilla.org': Reading manifest: Invalid extension permission: mozillaAddons
1587290135032	addons.webextension.screenshots@mozilla.org	WARN	Loading extension 'screenshots@mozilla.org': Reading manifest: Invalid extension permission: telemetry
1587290135032	addons.webextension.screenshots@mozilla.org	WARN	Loading extension 'screenshots@mozilla.org': Reading manifest: Invalid extension permission: resource://pdf.js/
1587290135032	addons.webextension.screenshots@mozilla.org	WARN	Loading extension 'screenshots@mozilla.org': Reading manifest: Invalid extension permission: about:reader*
JavaScript error: resource://gre/modules/XULStore.jsm, line 66: Error: Can't find profile directory.
1587290136482	Marionette	INFO	Listening on port 8705
1587290136555	Marionette	WARN	TLS certificate errors will be ignored for this session
1587290177997	Marionette	INFO	Stopped listening on port 8705

###!!! [Child][RunMessage] Error: Channel closing: too late to send/recv, messages will be lost


###!!! [Child][MessageChannel::SendAndWait] Error: Channel error: cannot send/recv

1587291232737	mozrunner::runner	INFO	Running command: "C:\\Program Files\\Mozilla Firefox\\firefox.exe" "-marionette" "-foreground" "-no-remote" "-profile" "C:\\Users\\vito\\AppData\\Local\\Temp\\rust_mozprofilep2nROf"
1587291232927	addons.webextension.doh-rollout@mozilla.org	WARN	Loading extension 'doh-rollout@mozilla.org': Reading manifest: Invalid extension permission: networkStatus
1587291233230	addons.webextension.screenshots@mozilla.org	WARN	Loading extension 'screenshots@mozilla.org': Reading manifest: Invalid extension permission: mozillaAddons
1587291233230	addons.webextension.screenshots@mozilla.org	WARN	Loading extension 'screenshots@mozilla.org': Reading manifest: Invalid extension permission: telemetry
1587291233230	addons.webextension.screenshots@mozilla.org	WARN	Loading extension 'screenshots@mozilla.org': Reading manifest: Invalid extension permission: resource://pdf.js/
1587291233230	addons.webextension.screenshots@mozilla.org	WARN	Loading extension 'screenshots@mozilla.org': Reading manifest: Invalid extension permission: about:reader*
JavaScript error: resource://gre/modules/XULStore.jsm, line 66: Error: Can't find profile directory.
1587291234614	Marionette	INFO	Listening on port 10526
1587291234742	Marionette	WARN	TLS certificate errors will be ignored for this session
1587291333231	mozrunner::runner	INFO	Running command: "C:\\Program Files\\Mozilla Firefox\\firefox.exe" "-marionette" "-foreground" "-no-remote" "-profile" "C:\\Users\\vito\\AppData\\Local\\Temp\\rust_mozprofileeFFlKo"
1587291333424	addons.webextension.doh-rollout@mozilla.org	WARN	Loading extension 'doh-rollout@mozilla.org': Reading manifest: Invalid extension permission: networkStatus
1587291333715	addons.webextension.screenshots@mozilla.org	WARN	Loading extension 'screenshots@mozilla.org': Reading manifest: Invalid extension permission: mozillaAddons
1587291333715	addons.webextension.screenshots@mozilla.org	WARN	Loading extension 'screenshots@mozilla.org': Reading manifest: Invalid extension permission: telemetry
1587291333715	addons.webextension.screenshots@mozilla.org	WARN	Loading extension 'screenshots@mozilla.org': Reading manifest: Invalid extension permission: resource://pdf.js/
1587291333715	addons.webextension.screenshots@mozilla.org	WARN	Loading extension 'screenshots@mozilla.org': Reading manifest: Invalid extension permission: about:reader*
JavaScript error: resource://gre/modules/XULStore.jsm, line 66: Error: Can't find profile directory.
1587291335094	Marionette	INFO	Listening on port 11343
1587291335236	Marionette	WARN	TLS certificate errors will be ignored for this session
1587291596692	Marionette	INFO	Stopped listening on port 11343

###!!! [Child][RunMessage] Error: Channel closing: too late to send/recv, messages will be lost


###!!! [Child][MessageChannel::SendAndWait] Error: Channel error: cannot send/recv

1587291608896	mozrunner::runner	INFO	Running command: "C:\\Program Files\\Mozilla Firefox\\firefox.exe" "-marionette" "-foreground" "-no-remote" "-profile" "C:\\Users\\vito\\AppData\\Local\\Temp\\rust_mozprofileAp9woV"
1587291609102	addons.webextension.doh-rollout@mozilla.org	WARN	Loading extension 'doh-rollout@mozilla.org': Reading manifest: Invalid extension permission: networkStatus
1587291609419	addons.webextension.screenshots@mozilla.org	WARN	Loading extension 'screenshots@mozilla.org': Reading manifest: Invalid extension permission: mozillaAddons
1587291609419	addons.webextension.screenshots@mozilla.org	WARN	Loading extension 'screenshots@mozilla.org': Reading manifest: Invalid extension permission: telemetry
1587291609419	addons.webextension.screenshots@mozilla.org	WARN	Loading extension 'screenshots@mozilla.org': Reading manifest: Invalid extension permission: resource://pdf.js/
1587291609419	addons.webextension.screenshots@mozilla.org	WARN	Loading extension 'screenshots@mozilla.org': Reading manifest: Invalid extension permission: about:reader*
JavaScript error: resource://gre/modules/XULStore.jsm, line 66: Error: Can't find profile directory.
1587291610827	Marionette	INFO	Listening on port 12120
1587291610903	Marionette	WARN	TLS certificate errors will be ignored for this session
JavaScript error: http://gss0.bdstatic.com/5foIcy0a2gI2n2jgoY3K/static/fisp_static/common/module_static_include/module_static_include_5309ae3.js, line 42: TypeError: baidu.browser is undefined
JavaScript error: http://hm.baidu.com/h.js?e9e114d958ea263de46e080563e254c4 line 3 > eval, line 1: TypeError: result.data.film is undefined
JavaScript error: http://s.music.so.com/u/intfInfo?_=1587291631767&callback=_360_1, line 1: SyntaxError: unexpected token: ':'
JavaScript error: http://hm.baidu.com/h.js?e9e114d958ea263de46e080563e254c4 line 3 > eval, line 1: TypeError: result.result.account is undefined
JavaScript error: http://hm.baidu.com/h.js?e9e114d958ea263de46e080563e254c4 line 3 > eval, line 1: TypeError: tmp is undefined
JavaScript error: http://my.58.com/webpart/userbasicinfo?r=&vipcallback=_58&callback=_58&_=1587291631786, line 1: SyntaxError: expected expression, got '<'
JavaScript error: http://hm.baidu.com/h.js?e9e114d958ea263de46e080563e254c4 line 3 > eval, line 1: TypeError: result[("" + a)].algorithmLog is undefined
JavaScript error: http://my.tv.sohu.com/user/profile/basic_update.do?callback=sohu1&_=1587291631775, line 2: SyntaxError: expected expression, got '<'
JavaScript error: http://my.tv.sohu.com/user/connect/index_update.do?callback=sohu2&_=1587291631776, line 2: SyntaxError: expected expression, got '<'
JavaScript error: http://hm.baidu.com/h.js?e9e114d958ea263de46e080563e254c4 line 3 > eval, line 1: TypeError: result.mainInfo is undefined
JavaScript error: http://ai.jd.com/index_new?app=Seckill&action=pcSeckillListHistory&callback=jd1&_=1587291631783, line 1: SyntaxError: unexpected token: identifier
JavaScript error: https://wqcoss.jd.com/mcoss/reclike/getrecinfo?pc=50&recpos=6156&hi=&callback=jd2&_=1587291631784, line 1: SyntaxError: expected expression, got '<'
JavaScript error: http://hm.baidu.com/h.js?e9e114d958ea263de46e080563e254c4 line 3 > eval, line 1: TypeError: tmp is null
JavaScript error: https://cart.csdn.net/cart/buy_now?product_id=3&goods_id=7871&request_type=1&flag=3&num=1&is_ajax=1&callback=buy_now&_=1587291631788, line 1: ReferenceError: jsonpCallback is not defined
JavaScript error: http://gss0.bdstatic.com/5foIcy0a2gI2n2jgoY3K/static/fisp_static/common/module_static_include/module_static_include_5309ae3.js, line 42: TypeError: baidu.browser is undefined
JavaScript error: http://hm.baidu.com/h.js?e9e114d958ea263de46e080563e254c4 line 3 > eval, line 1: TypeError: tmp is null
JavaScript error: https://wqcoss.jd.com/mcoss/reclike/getrecinfo?pc=50&recpos=6156&hi=&callback=jd2&_=1587291739948, line 1: SyntaxError: expected expression, got '<'
JavaScript error: https://cart.csdn.net/cart/buy_now?product_id=3&goods_id=7871&request_type=1&flag=3&num=1&is_ajax=1&callback=buy_now&_=1587291739952, line 1: ReferenceError: jsonpCallback is not defined
JavaScript error: http://hm.baidu.com/h.js?e9e114d958ea263de46e080563e254c4 line 3 > eval, line 1: TypeError: result.data.film is undefined
JavaScript error: http://s.music.so.com/u/intfInfo?_=1587291739931&callback=_360_1, line 1: SyntaxError: unexpected token: ':'
JavaScript error: http://hm.baidu.com/h.js?e9e114d958ea263de46e080563e254c4 line 3 > eval, line 1: TypeError: result[("" + a)].algorithmLog is undefined
JavaScript error: http://hm.baidu.com/h.js?e9e114d958ea263de46e080563e254c4 line 3 > eval, line 1: TypeError: result.result.account is undefined
JavaScript error: http://tingapi.ting.baidu.com/v1/restserver/ting?method=baidu.ting.ugccenter.getUserBaseInfo&timestamp=1479349883&param=dsUxLY8/F6MN+FHW8FLCdqBtZ/w+Gbaf8P011l+0DoJVZ5XiENRFbjdBConN1WZIVb5LiiVSRFFPz6krQyMoew==&sign=f7f90afa2989fb2caf6f4274399d5cdc&callback=baidu&_=1587291739930, line 1: TypeError: baidu is not a function
JavaScript error: http://hm.baidu.com/h.js?e9e114d958ea263de46e080563e254c4 line 3 > eval, line 1: TypeError: result.mainInfo is undefined
JavaScript error: http://gss0.bdstatic.com/5foIcy0a2gI2n2jgoY3K/static/fisp_static/news/focustop/focustop_b924ecb.js, line 2: TypeError: baidu.string is undefined
JavaScript error: http://hm.baidu.com/h.js?e9e114d958ea263de46e080563e254c4 line 3 > eval, line 1: TypeError: tmp is undefined
JavaScript error: http://gss0.bdstatic.com/5foIcy0a2gI2n2jgoY3K/static/fisp_static/common/module_static_include/module_static_include_5309ae3.js, line 39: TypeError: baidu.on is not a function
JavaScript error: http://my.58.com/webpart/userbasicinfo?r=&vipcallback=_58&callback=_58&_=1587291739950, line 1: SyntaxError: expected expression, got '<'
JavaScript error: http://ai.jd.com/index_new?app=Seckill&action=pcSeckillListHistory&callback=jd1&_=1587291739947, line 1: SyntaxError: unexpected token: identifier
JavaScript error: http://my.tv.sohu.com/user/profile/basic_update.do?callback=sohu1&_=1587291739939, line 2: SyntaxError: expected expression, got '<'
JavaScript error: http://my.tv.sohu.com/user/connect/index_update.do?callback=sohu2&_=1587291739940, line 2: SyntaxError: expected expression, got '<'
1587291773960	Marionette	INFO	Stopped listening on port 12120

###!!! [Child][MessageChannel::SendAndWait] Error: Channel error: cannot send/recv

1587291791926	mozrunner::runner	INFO	Running command: "C:\\Program Files\\Mozilla Firefox\\firefox.exe" "-marionette" "-foreground" "-no-remote" "-profile" "C:\\Users\\vito\\AppData\\Local\\Temp\\rust_mozprofileVHCb3N"
1587291792125	addons.webextension.doh-rollout@mozilla.org	WARN	Loading extension 'doh-rollout@mozilla.org': Reading manifest: Invalid extension permission: networkStatus
1587291792435	addons.webextension.screenshots@mozilla.org	WARN	Loading extension 'screenshots@mozilla.org': Reading manifest: Invalid extension permission: mozillaAddons
1587291792435	addons.webextension.screenshots@mozilla.org	WARN	Loading extension 'screenshots@mozilla.org': Reading manifest: Invalid extension permission: telemetry
1587291792435	addons.webextension.screenshots@mozilla.org	WARN	Loading extension 'screenshots@mozilla.org': Reading manifest: Invalid extension permission: resource://pdf.js/
1587291792436	addons.webextension.screenshots@mozilla.org	WARN	Loading extension 'screenshots@mozilla.org': Reading manifest: Invalid extension permission: about:reader*
JavaScript error: resource://gre/modules/XULStore.jsm, line 66: Error: Can't find profile directory.
1587291793885	Marionette	INFO	Listening on port 12768
1587291793934	Marionette	WARN	TLS certificate errors will be ignored for this session
JavaScript error: http://gss0.bdstatic.com/5foIcy0a2gI2n2jgoY3K/static/fisp_static/common/module_static_include/module_static_include_5309ae3.js, line 42: TypeError: baidu.browser is undefined
JavaScript error: http://hm.baidu.com/h.js?e9e114d958ea263de46e080563e254c4 line 3 > eval, line 1: TypeError: result.data.film is undefined
JavaScript error: http://s.music.so.com/u/intfInfo?_=1587291825495&callback=_360_1, line 1: SyntaxError: unexpected token: ':'
JavaScript error: http://hm.baidu.com/h.js?e9e114d958ea263de46e080563e254c4 line 3 > eval, line 1: TypeError: result.result.account is undefined
JavaScript error: http://my.58.com/webpart/userbasicinfo?r=&vipcallback=_58&callback=_58&_=1587291825514, line 1: SyntaxError: expected expression, got '<'
JavaScript error: http://my.tv.sohu.com/user/profile/basic_update.do?callback=sohu1&_=1587291825503, line 2: SyntaxError: expected expression, got '<'
JavaScript error: http://my.tv.sohu.com/user/connect/index_update.do?callback=sohu2&_=1587291825504, line 2: SyntaxError: expected expression, got '<'
JavaScript error: http://hm.baidu.com/h.js?e9e114d958ea263de46e080563e254c4 line 3 > eval, line 1: TypeError: result.mainInfo is undefined
JavaScript error: http://hm.baidu.com/h.js?e9e114d958ea263de46e080563e254c4 line 3 > eval, line 1: TypeError: result[("" + a)].algorithmLog is undefined
JavaScript error: http://ai.jd.com/index_new?app=Seckill&action=pcSeckillListHistory&callback=jd1&_=1587291825511, line 1: SyntaxError: unexpected token: identifier
JavaScript error: http://hm.baidu.com/h.js?e9e114d958ea263de46e080563e254c4 line 3 > eval, line 1: TypeError: tmp is undefined
JavaScript error: https://wqcoss.jd.com/mcoss/reclike/getrecinfo?pc=50&recpos=6156&hi=&callback=jd2&_=1587291825512, line 1: SyntaxError: expected expression, got '<'
JavaScript error: http://hm.baidu.com/h.js?e9e114d958ea263de46e080563e254c4 line 3 > eval, line 1: TypeError: tmp is null
JavaScript error: https://cart.csdn.net/cart/buy_now?product_id=3&goods_id=7871&request_type=1&flag=3&num=1&is_ajax=1&callback=buy_now&_=1587291825516, line 1: ReferenceError: jsonpCallback is not defined
JavaScript error: http://gss0.bdstatic.com/5foIcy0a2gI2n2jgoY3K/static/fisp_static/common/module_static_include/module_static_include_5309ae3.js, line 42: TypeError: baidu.browser is undefined
JavaScript error: http://hm.baidu.com/h.js?e9e114d958ea263de46e080563e254c4 line 3 > eval, line 1: TypeError: tmp is undefined
JavaScript error: http://hm.baidu.com/h.js?e9e114d958ea263de46e080563e254c4 line 3 > eval, line 1: TypeError: tmp is null
JavaScript error: http://hm.baidu.com/h.js?e9e114d958ea263de46e080563e254c4 line 3 > eval, line 1: TypeError: result.data.film is undefined
JavaScript error: http://hm.baidu.com/h.js?e9e114d958ea263de46e080563e254c4 line 3 > eval, line 1: TypeError: result.result is undefined
JavaScript error: http://my.58.com/webpart/userbasicinfo?r=&vipcallback=_58&callback=_58&_=1587291857066, line 1: SyntaxError: expected expression, got '<'
JavaScript error: https://wqcoss.jd.com/mcoss/reclike/getrecinfo?pc=50&recpos=6156&hi=&callback=jd2&_=1587291857064, line 1: SyntaxError: expected expression, got '<'
JavaScript error: http://hm.baidu.com/h.js?e9e114d958ea263de46e080563e254c4 line 3 > eval, line 1: TypeError: result.result.account is undefined
JavaScript error: https://cart.csdn.net/cart/buy_now?product_id=3&goods_id=7871&request_type=1&flag=3&num=1&is_ajax=1&callback=buy_now&_=1587291857068, line 1: ReferenceError: jsonpCallback is not defined
JavaScript error: http://s.music.so.com/u/intfInfo?_=1587291857047&callback=_360_1, line 1: SyntaxError: unexpected token: ':'
JavaScript error: http://hm.baidu.com/h.js?e9e114d958ea263de46e080563e254c4 line 3 > eval, line 1: TypeError: result[("" + a)].algorithmLog is undefined
JavaScript error: http://ai.jd.com/index_new?app=Seckill&action=pcSeckillListHistory&callback=jd1&_=1587291857063, line 1: SyntaxError: unexpected token: identifier
JavaScript error: http://hm.baidu.com/h.js?e9e114d958ea263de46e080563e254c4 line 3 > eval, line 1: TypeError: result.mainInfo is undefined
JavaScript error: http://my.tv.sohu.com/user/profile/basic_update.do?callback=sohu1&_=1587291857055, line 2: SyntaxError: expected expression, got '<'
JavaScript error: http://my.tv.sohu.com/user/connect/index_update.do?callback=sohu2&_=1587291857056, line 2: SyntaxError: expected expression, got '<'
1587291958965	mozrunner::runner	INFO	Running command: "C:\\Program Files\\Mozilla Firefox\\firefox.exe" "-marionette" "-foreground" "-no-remote" "-profile" "C:\\Users\\vito\\AppData\\Local\\Temp\\rust_mozprofilesYraN0"
1587291959161	addons.webextension.doh-rollout@mozilla.org	WARN	Loading extension 'doh-rollout@mozilla.org': Reading manifest: Invalid extension permission: networkStatus
1587291959476	addons.webextension.screenshots@mozilla.org	WARN	Loading extension 'screenshots@mozilla.org': Reading manifest: Invalid extension permission: mozillaAddons
1587291959476	addons.webextension.screenshots@mozilla.org	WARN	Loading extension 'screenshots@mozilla.org': Reading manifest: Invalid extension permission: telemetry
1587291959476	addons.webextension.screenshots@mozilla.org	WARN	Loading extension 'screenshots@mozilla.org': Reading manifest: Invalid extension permission: resource://pdf.js/
1587291959477	addons.webextension.screenshots@mozilla.org	WARN	Loading extension 'screenshots@mozilla.org': Reading manifest: Invalid extension permission: about:reader*
JavaScript error: resource://gre/modules/XULStore.jsm, line 66: Error: Can't find profile directory.
1587291960881	Marionette	INFO	Listening on port 13505
1587291960970	Marionette	WARN	TLS certificate errors will be ignored for this session
1587292172160	mozrunner::runner	INFO	Running command: "C:\\Program Files\\Mozilla Firefox\\firefox.exe" "-marionette" "-foreground" "-no-remote" "-profile" "C:\\Users\\vito\\AppData\\Local\\Temp\\rust_mozprofileq0s0IO"
1587292172357	addons.webextension.doh-rollout@mozilla.org	WARN	Loading extension 'doh-rollout@mozilla.org': Reading manifest: Invalid extension permission: networkStatus
1587292172664	addons.webextension.screenshots@mozilla.org	WARN	Loading extension 'screenshots@mozilla.org': Reading manifest: Invalid extension permission: mozillaAddons
1587292172664	addons.webextension.screenshots@mozilla.org	WARN	Loading extension 'screenshots@mozilla.org': Reading manifest: Invalid extension permission: telemetry
1587292172664	addons.webextension.screenshots@mozilla.org	WARN	Loading extension 'screenshots@mozilla.org': Reading manifest: Invalid extension permission: resource://pdf.js/
1587292172664	addons.webextension.screenshots@mozilla.org	WARN	Loading extension 'screenshots@mozilla.org': Reading manifest: Invalid extension permission: about:reader*
JavaScript error: resource://gre/modules/XULStore.jsm, line 66: Error: Can't find profile directory.
1587292174065	Marionette	INFO	Listening on port 14353
1587292174167	Marionette	WARN	TLS certificate errors will be ignored for this session
1587292537450	Marionette	INFO	Stopped listening on port 14353

###!!! [Child][RunMessage] Error: Channel closing: too late to send/recv, messages will be lost


###!!! [Child][MessageChannel::SendAndWait] Error: Channel error: cannot send/recv

.doh-rollout@mozilla.org	WARN	Loading extension 'doh-rollout@mozilla.org': Reading manifest: Invalid extension permission: networkStatus
1587292355981	addons.webextension.screenshots@mozilla.org	WARN	Loading extension 'screenshots@mozilla.org': Reading manifest: Invalid extension permission: mozillaAddons
1587292355981	addons.webextension.screenshots@mozilla.org	WARN	Loading extension 'screenshots@mozilla.org': Reading manifest: Invalid extension permission: telemetry
1587292355981	addons.webextension.screenshots@mozilla.org	WARN	Loading extension 'screenshots@mozilla.org': Reading manifest: Invalid extension permission: resource://pdf.js/
1587292355981	addons.webextension.screenshots@mozilla.org	WARN	Loading extension 'screenshots@mozilla.org': Reading manifest: Invalid extension permission: about:reader*
JavaScript error: resource://gre/modules/XULStore.jsm, line 66: Error: Can't find profile directory.
1587292357371	Marionette	INFO	Listening on port 14888
1587292357487	Marionette	WARN	TLS certificate errors will be ignored for this session
1587292536641	Marionette	INFO	Stopped listening on port 14888

###!!! [Child][RunMessage] Error: Channel closing: too late to send/recv, messages will be lost


###!!! [Child][MessageChannel::SendAndWait] Error: Channel error: cannot send/recv

1587293074954	mozrunner::runner	INFO	Running command: "C:\\Program Files\\Mozilla Firefox\\firefox.exe" "-marionette" "-foreground" "-no-remote" "-profile" "C:\\Users\\vito\\AppData\\Local\\Temp\\rust_mozprofilekQIY7w"
1587293075148	addons.webextension.doh-rollout@mozilla.org	WARN	Loading extension 'doh-rollout@mozilla.org': Reading manifest: Invalid extension permission: networkStatus
1587293075439	addons.webextension.screenshots@mozilla.org	WARN	Loading extension 'screenshots@mozilla.org': Reading manifest: Invalid extension permission: mozillaAddons
1587293075439	addons.webextension.screenshots@mozilla.org	WARN	Loading extension 'screenshots@mozilla.org': Reading manifest: Invalid extension permission: telemetry
1587293075439	addons.webextension.screenshots@mozilla.org	WARN	Loading extension 'screenshots@mozilla.org': Reading manifest: Invalid extension permission: resource://pdf.js/
1587293075439	addons.webextension.screenshots@mozilla.org	WARN	Loading extension 'screenshots@mozilla.org': Reading manifest: Invalid extension permission: about:reader*
JavaScript error: resource://gre/modules/XULStore.jsm, line 66: Error: Can't find profile directory.
1587293076824	Marionette	INFO	Listening on port 2489
1587293076960	Marionette	WARN	TLS certificate errors will be ignored for this session
1587293400866	Marionette	INFO	Stopped listening on port 2489

###!!! [Child][RunMessage] Error: Channel closing: too late to send/recv, messages will be lost


###!!! [Child][MessageChannel::SendAndWait] Error: Channel error: cannot send/recv

1587293407105	mozrunner::runner	INFO	Running command: "C:\\Program Files\\Mozilla Firefox\\firefox.exe" "-marionette" "-foreground" "-no-remote" "-profile" "C:\\Users\\vito\\AppData\\Local\\Temp\\rust_mozprofilebEq3hh"
1587293407307	addons.webextension.doh-rollout@mozilla.org	WARN	Loading extension 'doh-rollout@mozilla.org': Reading manifest: Invalid extension permission: networkStatus
1587293407614	addons.webextension.screenshots@mozilla.org	WARN	Loading extension 'screenshots@mozilla.org': Reading manifest: Invalid extension permission: mozillaAddons
1587293407614	addons.webextension.screenshots@mozilla.org	WARN	Loading extension 'screenshots@mozilla.org': Reading manifest: Invalid extension permission: telemetry
1587293407614	addons.webextension.screenshots@mozilla.org	WARN	Loading extension 'screenshots@mozilla.org': Reading manifest: Invalid extension permission: resource://pdf.js/
1587293407614	addons.webextension.screenshots@mozilla.org	WARN	Loading extension 'screenshots@mozilla.org': Reading manifest: Invalid extension permission: about:reader*
JavaScript error: resource://gre/modules/XULStore.jsm, line 66: Error: Can't find profile directory.
1587293408937	Marionette	INFO	Listening on port 3129
1587293409113	Marionette	WARN	TLS certificate errors will be ignored for this session
1587293460630	Marionette	INFO	Stopped listening on port 3129

###!!! [Child][RunMessage] Error: Channel closing: too late to send/recv, messages will be lost


###!!! [Child][MessageChannel::SendAndWait] Error: Channel error: cannot send/recv

1587293711679	mozrunner::runner	INFO	Running command: "C:\\Program Files\\Mozilla Firefox\\firefox.exe" "-marionette" "-foreground" "-no-remote" "-profile" "C:\\Users\\vito\\AppData\\Local\\Temp\\rust_mozprofilenzXgn1"
1587293711879	addons.webextension.doh-rollout@mozilla.org	WARN	Loading extension 'doh-rollout@mozilla.org': Reading manifest: Invalid extension permission: networkStatus
1587293712193	addons.webextension.screenshots@mozilla.org	WARN	Loading extension 'screenshots@mozilla.org': Reading manifest: Invalid extension permission: mozillaAddons
1587293712193	addons.webextension.screenshots@mozilla.org	WARN	Loading extension 'screenshots@mozilla.org': Reading manifest: Invalid extension permission: telemetry
1587293712193	addons.webextension.screenshots@mozilla.org	WARN	Loading extension 'screenshots@mozilla.org': Reading manifest: Invalid extension permission: resource://pdf.js/
1587293712193	addons.webextension.screenshots@mozilla.org	WARN	Loading extension 'screenshots@mozilla.org': Reading manifest: Invalid extension permission: about:reader*
JavaScript error: resource://gre/modules/XULStore.jsm, line 66: Error: Can't find profile directory.
1587293713570	Marionette	INFO	Listening on port 3886
1587293713687	Marionette	WARN	TLS certificate errors will be ignored for this session
JavaScript error: http://gss0.bdstatic.com/5foIcy0a2gI2n2jgoY3K/static/fisp_static/common/module_static_include/module_static_include_5309ae3.js, line 42: TypeError: baidu.browser is undefined
JavaScript error: http://hm.baidu.com/h.js?e9e114d958ea263de46e080563e254c4 line 3 > eval, line 1: TypeError: result.data.film is undefined
JavaScript error: http://s.music.so.com/u/intfInfo?_=1587293731564&callback=_360_1, line 1: SyntaxError: unexpected token: ':'
JavaScript error: http://hm.baidu.com/h.js?e9e114d958ea263de46e080563e254c4 line 3 > eval, line 1: TypeError: result.result.account is undefined
JavaScript error: http://hm.baidu.com/h.js?e9e114d958ea263de46e080563e254c4 line 3 > eval, line 1: TypeError: tmp is undefined
JavaScript error: http://hm.baidu.com/h.js?e9e114d958ea263de46e080563e254c4 line 3 > eval, line 1: TypeError: result.mainInfo is undefined
JavaScript error: http://hm.baidu.com/h.js?e9e114d958ea263de46e080563e254c4 line 3 > eval, line 1: TypeError: result[("" + a)].algorithmLog is undefined
JavaScript error: http://my.tv.sohu.com/user/profile/basic_update.do?callback=sohu1&_=1587293731572, line 2: SyntaxError: expected expression, got '<'
JavaScript error: http://my.58.com/webpart/userbasicinfo?r=&vipcallback=_58&callback=_58&_=1587293731583, line 1: SyntaxError: expected expression, got '<'
JavaScript error: http://my.tv.sohu.com/user/connect/index_update.do?callback=sohu2&_=1587293731573, line 2: SyntaxError: expected expression, got '<'
JavaScript error: http://ai.jd.com/index_new?app=Seckill&action=pcSeckillListHistory&callback=jd1&_=1587293731580, line 1: SyntaxError: unexpected token: identifier
JavaScript error: https://wqcoss.jd.com/mcoss/reclike/getrecinfo?pc=50&recpos=6156&hi=&callback=jd2&_=1587293731581, line 1: SyntaxError: expected expression, got '<'
JavaScript error: https://cart.csdn.net/cart/buy_now?product_id=3&goods_id=7871&request_type=1&flag=3&num=1&is_ajax=1&callback=buy_now&_=1587293731585, line 1: ReferenceError: jsonpCallback is not defined
JavaScript error: http://hm.baidu.com/h.js?e9e114d958ea263de46e080563e254c4 line 3 > eval, line 1: TypeError: tmp is null
JavaScript error: http://gss0.bdstatic.com/5foIcy0a2gI2n2jgoY3K/static/fisp_static/common/module_static_include/module_static_include_5309ae3.js, line 42: TypeError: baidu.browser is undefined
JavaScript error: http://hm.baidu.com/h.js?e9e114d958ea263de46e080563e254c4 line 3 > eval, line 1: TypeError: result.data.film is undefined
JavaScript error: http://hm.baidu.com/h.js?e9e114d958ea263de46e080563e254c4 line 3 > eval, line 1: TypeError: tmp is null
JavaScript error: http://hm.baidu.com/h.js?e9e114d958ea263de46e080563e254c4 line 3 > eval, line 1: TypeError: tmp is undefined
JavaScript error: http://hm.baidu.com/h.js?e9e114d958ea263de46e080563e254c4 line 3 > eval, line 1: TypeError: result.result is undefined
JavaScript error: http://s.music.so.com/u/intfInfo?_=1587293755939&callback=_360_1, line 1: SyntaxError: unexpected token: ':'
JavaScript error: http://hm.baidu.com/h.js?e9e114d958ea263de46e080563e254c4 line 3 > eval, line 1: TypeError: result.result.account is undefined
JavaScript error: https://wqcoss.jd.com/mcoss/reclike/getrecinfo?pc=50&recpos=6156&hi=&callback=jd2&_=1587293755956, line 1: SyntaxError: expected expression, got '<'
JavaScript error: http://my.58.com/webpart/userbasicinfo?r=&vipcallback=_58&callback=_58&_=1587293755958, line 1: SyntaxError: expected expression, got '<'
JavaScript error: https://cart.csdn.net/cart/buy_now?product_id=3&goods_id=7871&request_type=1&flag=3&num=1&is_ajax=1&callback=buy_now&_=1587293755960, line 1: ReferenceError: jsonpCallback is not defined
JavaScript error: http://hm.baidu.com/h.js?e9e114d958ea263de46e080563e254c4 line 3 > eval, line 1: TypeError: result.mainInfo is undefined
JavaScript error: http://ai.jd.com/index_new?app=Seckill&action=pcSeckillListHistory&callback=jd1&_=1587293755955, line 1: SyntaxError: unexpected token: identifier
JavaScript error: http://my.tv.sohu.com/user/profile/basic_update.do?callback=sohu1&_=1587293755947, line 2: SyntaxError: expected expression, got '<'
JavaScript error: http://my.tv.sohu.com/user/connect/index_update.do?callback=sohu2&_=1587293755948, line 2: SyntaxError: expected expression, got '<'
JavaScript error: http://hm.baidu.com/h.js?e9e114d958ea263de46e080563e254c4 line 3 > eval, line 1: TypeError: result[("" + a)].algorithmLog is undefined
1587293856538	Marionette	INFO	Stopped listening on port 3886

###!!! [Child][RunMessage] Error: Channel closing: too late to send/recv, messages will be lost


###!!! [Child][MessageChannel::SendAndWait] Error: Channel error: cannot send/recv

1587293859733	mozrunner::runner	INFO	Running command: "C:\\Program Files\\Mozilla Firefox\\firefox.exe" "-marionette" "-foreground" "-no-remote" "-profile" "C:\\Users\\vito\\AppData\\Local\\Temp\\rust_mozprofileMo0eM1"
1587293859931	addons.webextension.doh-rollout@mozilla.org	WARN	Loading extension 'doh-rollout@mozilla.org': Reading manifest: Invalid extension permission: networkStatus
1587293860239	addons.webextension.screenshots@mozilla.org	WARN	Loading extension 'screenshots@mozilla.org': Reading manifest: Invalid extension permission: mozillaAddons
1587293860239	addons.webextension.screenshots@mozilla.org	WARN	Loading extension 'screenshots@mozilla.org': Reading manifest: Invalid extension permission: telemetry
1587293860239	addons.webextension.screenshots@mozilla.org	WARN	Loading extension 'screenshots@mozilla.org': Reading manifest: Invalid extension permission: resource://pdf.js/
1587293860239	addons.webextension.screenshots@mozilla.org	WARN	Loading extension 'screenshots@mozilla.org': Reading manifest: Invalid extension permission: about:reader*
JavaScript error: resource://gre/modules/XULStore.jsm, line 66: Error: Can't find profile directory.
1587293861640	Marionette	INFO	Listening on port 4473
1587293861739	Marionette	WARN	TLS certificate errors will be ignored for this session
1587294007300	Marionette	INFO	Stopped listening on port 4473

###!!! [Child][RunMessage] Error: Channel closing: too late to send/recv, messages will be lost


###!!! [Child][MessageChannel::SendAndWait] Error: Channel error: cannot send/recv

1587294012945	mozrunner::runner	INFO	Running command: "C:\\Program Files\\Mozilla Firefox\\firefox.exe" "-marionette" "-foreground" "-no-remote" "-profile" "C:\\Users\\vito\\AppData\\Local\\Temp\\rust_mozprofilevOwS4J"
1587294013145	addons.webextension.doh-rollout@mozilla.org	WARN	Loading extension 'doh-rollout@mozilla.org': Reading manifest: Invalid extension permission: networkStatus
1587294013453	addons.webextension.screenshots@mozilla.org	WARN	Loading extension 'screenshots@mozilla.org': Reading manifest: Invalid extension permission: mozillaAddons
1587294013454	addons.webextension.screenshots@mozilla.org	WARN	Loading extension 'screenshots@mozilla.org': Reading manifest: Invalid extension permission: telemetry
1587294013454	addons.webextension.screenshots@mozilla.org	WARN	Loading extension 'screenshots@mozilla.org': Reading manifest: Invalid extension permission: resource://pdf.js/
1587294013454	addons.webextension.screenshots@mozilla.org	WARN	Loading extension 'screenshots@mozilla.org': Reading manifest: Invalid extension permission: about:reader*
JavaScript error: resource://gre/modules/XULStore.jsm, line 66: Error: Can't find profile directory.
1587294014852	Marionette	INFO	Listening on port 4955
1587294014952	Marionette	WARN	TLS certificate errors will be ignored for this session
JavaScript error: https://dss1.bdstatic.com/5eN1bjq8AAUYm2zgoY3K/r/www/cache/biz/search-ui/v2/Aladdin/Aladdin.js, line 1: SyntaxError: expected expression, got '<'
JavaScript error: https://dss1.bdstatic.com/5eN1bjq8AAUYm2zgoY3K/r/www/cache/biz/search-ui/v2/Link/Link.js, line 1: SyntaxError: expected expression, got '<'
JavaScript error: https://dss1.bdstatic.com/5eN1bjq8AAUYm2zgoY3K/r/www/cache/biz/search-ui/v2/Title/Title.js, line 1: SyntaxError: expected expression, got '<'
[Child 23668, Chrome_ChildThread] WARNING: pipe error: 232: file Z:/task_1585933993/build/src/ipc/chromium/src/chrome/common/ipc_channel_win.cc, line 514
[Child 23668, Chrome_ChildThread] WARNING: pipe error: 232: file Z:/task_1585933993/build/src/ipc/chromium/src/chrome/common/ipc_channel_win.cc, line 514
1587294256704	Marionette	INFO	Stopped listening on port 4955

###!!! [Child][RunMessage] Error: Channel closing: too late to send/recv, messages will be lost

1587298879829	mozrunner::runner	INFO	Running command: "C:\\Program Files\\Mozilla Firefox\\firefox.exe" "-marionette" "-foreground" "-no-remote" "-profile" "C:\\Users\\vito\\AppData\\Local\\Temp\\rust_mozprofile9LYDxo"
1587298880042	addons.webextension.doh-rollout@mozilla.org	WARN	Loading extension 'doh-rollout@mozilla.org': Reading manifest: Invalid extension permission: networkStatus
1587298880356	addons.webextension.screenshots@mozilla.org	WARN	Loading extension 'screenshots@mozilla.org': Reading manifest: Invalid extension permission: mozillaAddons
1587298880356	addons.webextension.screenshots@mozilla.org	WARN	Loading extension 'screenshots@mozilla.org': Reading manifest: Invalid extension permission: telemetry
1587298880356	addons.webextension.screenshots@mozilla.org	WARN	Loading extension 'screenshots@mozilla.org': Reading manifest: Invalid extension permission: resource://pdf.js/
1587298880356	addons.webextension.screenshots@mozilla.org	WARN	Loading extension 'screenshots@mozilla.org': Reading manifest: Invalid extension permission: about:reader*
JavaScript error: resource://gre/modules/XULStore.jsm, line 66: Error: Can't find profile directory.
1587298881901	Marionette	INFO	Listening on port 13876
1587298881937	Marionette	WARN	TLS certificate errors will be ignored for this session
1587298958831	Marionette	INFO	Stopped listening on port 13876

###!!! [Child][RunMessage] Error: Channel closing: too late to send/recv, messages will be lost


###!!! [Child][MessageChannel::SendAndWait] Error: Channel error: cannot send/recv

1587298965217	mozrunner::runner	INFO	Running command: "C:\\Program Files\\Mozilla Firefox\\firefox.exe" "-marionette" "-foreground" "-no-remote" "-profile" "C:\\Users\\vito\\AppData\\Local\\Temp\\rust_mozprofileZ88TMI"
1587298965418	addons.webextension.doh-rollout@mozilla.org	WARN	Loading extension 'doh-rollout@mozilla.org': Reading manifest: Invalid extension permission: networkStatus
1587298965726	addons.webextension.screenshots@mozilla.org	WARN	Loading extension 'screenshots@mozilla.org': Reading manifest: Invalid extension permission: mozillaAddons
1587298965726	addons.webextension.screenshots@mozilla.org	WARN	Loading extension 'screenshots@mozilla.org': Reading manifest: Invalid extension permission: telemetry
1587298965726	addons.webextension.screenshots@mozilla.org	WARN	Loading extension 'screenshots@mozilla.org': Reading manifest: Invalid extension permission: resource://pdf.js/
1587298965726	addons.webextension.screenshots@mozilla.org	WARN	Loading extension 'screenshots@mozilla.org': Reading manifest: Invalid extension permission: about:reader*
JavaScript error: resource://gre/modules/XULStore.jsm, line 66: Error: Can't find profile directory.
1587298967244	Marionette	INFO	Listening on port 14958
1587298967323	Marionette	WARN	TLS certificate errors will be ignored for this session
1587299015970	Marionette	INFO	Stopped listening on port 14958

###!!! [Child][MessageChannel::SendAndWait] Error: Channel error: cannot send/recv

1587299170644	mozrunner::runner	INFO	Running command: "C:\\Program Files\\Mozilla Firefox\\firefox.exe" "-marionette" "-foreground" "-no-remote" "-profile" "C:\\Users\\vito\\AppData\\Local\\Temp\\rust_mozprofilebngzno"
1587299170846	addons.webextension.doh-rollout@mozilla.org	WARN	Loading extension 'doh-rollout@mozilla.org': Reading manifest: Invalid extension permission: networkStatus
1587299171159	addons.webextension.screenshots@mozilla.org	WARN	Loading extension 'screenshots@mozilla.org': Reading manifest: Invalid extension permission: mozillaAddons
1587299171160	addons.webextension.screenshots@mozilla.org	WARN	Loading extension 'screenshots@mozilla.org': Reading manifest: Invalid extension permission: telemetry
1587299171160	addons.webextension.screenshots@mozilla.org	WARN	Loading extension 'screenshots@mozilla.org': Reading manifest: Invalid extension permission: resource://pdf.js/
1587299171160	addons.webextension.screenshots@mozilla.org	WARN	Loading extension 'screenshots@mozilla.org': Reading manifest: Invalid extension permission: about:reader*
JavaScript error: resource://gre/modules/XULStore.jsm, line 66: Error: Can't find profile directory.
1587299172647	Marionette	INFO	Listening on port 2161
1587299172655	Marionette	WARN	TLS certificate errors will be ignored for this session
1587299214096	Marionette	INFO	Stopped listening on port 2161

###!!! [Child][RunMessage] Error: Channel closing: too late to send/recv, messages will be lost


###!!! [Child][MessageChannel::SendAndWait] Error: Channel error: cannot send/recv

